#
# There is insufficient memory for the Java Runtime Environment to continue.
# Native memory allocation (mmap) failed to map 67108864 bytes. Error detail: G1 virtual space
# Possible reasons:
#   The system is out of physical RAM or swap space
#   This process is running with CompressedOops enabled, and the Java Heap may be blocking the growth of the native heap
# Possible solutions:
#   Reduce memory load on the system
#   Increase physical memory or swap space
#   Check if swap backing store is full
#   Decrease Java heap size (-Xmx/-Xms)
#   Decrease number of Java threads
#   Decrease Java thread stack sizes (-Xss)
#   Set larger code cache with -XX:ReservedCodeCacheSize=
#   JVM is running with Unscaled Compressed Oops mode in which the Java heap is
#     placed in the first 4GB address space. The Java Heap base address is the
#     maximum limit for the native heap growth. Please use -XX:HeapBaseMinAddress
#     to set the Java Heap base and to place the Java Heap above 4GB virtual address.
# This output file may be truncated or incomplete.
#
#  Out of Memory Error (os_windows.cpp:3925), pid=12560, tid=17624
#
# JRE version:  (21.0.8) (build )
# Java VM: OpenJDK 64-Bit Server VM (21.0.8+-14196175-b1038.72, mixed mode, sharing, tiered, compressed oops, compressed class ptrs, g1 gc, windows-amd64)
# No core dump will be written. Minidumps are not enabled by default on client versions of Windows
#

---------------  S U M M A R Y ------------

Command Line: -Xmx64m -Xms64m -Dorg.gradle.appname=gradlew C:\Users\krish\AndroidStudioProjects\TMApp\\gradle\wrapper\gradle-wrapper.jar assembleDebug --stacktrace --info

Host: 12th Gen Intel(R) Core(TM) i5-1235U, 12 cores, 15G,  Windows 11 , 64 bit Build 26100 (10.0.26100.7920)
Time: Tue Mar 31 21:02:10 2026 India Standard Time elapsed time: 0.039767 seconds (0d 0h 0m 0s)

---------------  T H R E A D  ---------------

Current thread (0x000001f24dcd2410):  JavaThread "Unknown thread" [_thread_in_vm, id=17624, stack(0x000000623d300000,0x000000623d400000) (1024K)]

Stack: [0x000000623d300000,0x000000623d400000]
Native frames: (J=compiled Java code, j=interpreted, Vv=VM code, C=native code)
V  [jvm.dll+0x6d68d9]
V  [jvm.dll+0x866693]
V  [jvm.dll+0x868c4e]
V  [jvm.dll+0x869333]
V  [jvm.dll+0x280566]
V  [jvm.dll+0x6d3195]
V  [jvm.dll+0x6c69ea]
V  [jvm.dll+0x3586db]
V  [jvm.dll+0x360336]
V  [jvm.dll+0x3b23f6]
V  [jvm.dll+0x3b26c8]
V  [jvm.dll+0x32ae6c]
V  [jvm.dll+0x32bb5b]
V  [jvm.dll+0x82e109]
V  [jvm.dll+0x3bf5c8]
V  [jvm.dll+0x817388]
V  [jvm.dll+0x453b6e]
V  [jvm.dll+0x4552d1]
C  [jli.dll+0x52ab]
C  [ucrtbase.dll+0x37b0]
C  [KERNEL32.DLL+0x2e8d7]
C  [ntdll.dll+0x8c48c]


---------------  P R O C E S S  ---------------

Threads class SMR info:
_java_thread_list=0x00007ffb98adb988, length=0, elements={
}

Java Threads: ( => current thread )
Total: 0

Other Threads:
  0x000001f2500633c0 WorkerThread "GC Thread#0"                     [id=24056, stack(0x000000623d400000,0x000000623d500000) (1024K)]
  0x000001f250064ba0 ConcurrentGCThread "G1 Main Marker"            [id=6720, stack(0x000000623d500000,0x000000623d600000) (1024K)]
  0x000001f250065970 WorkerThread "G1 Conc#0"                       [id=21656, stack(0x000000623d600000,0x000000623d700000) (1024K)]

[error occurred during error reporting (printing all threads), id 0xc0000005, EXCEPTION_ACCESS_VIOLATION (0xc0000005) at pc=0x00007ffb982cddd7]
VM state: not at safepoint (not fully initialized)

VM Mutex/Monitor currently owned by a thread:  ([mutex/lock_event])
[0x00007ffb98b486b8] Heap_lock - owner thread: 0x000001f24dcd2410

Heap address: 0x00000000fc000000, size: 64 MB, Compressed Oops mode: 32-bit

CDS archive(s) mapped at: [0x0000000000000000-0x0000000000000000-0x0000000000000000), size 0, SharedBaseAddress: 0x0000000800000000, ArchiveRelocationMode: 1.
Narrow klass base: 0x0000000000000000, Narrow klass shift: 0, Narrow klass range: 0x0

GC Precious Log:
 CardTable entry size: 512
 Card Set container configuration: InlinePtr #cards 5 size 8 Array Of Cards #cards 12 size 40 Howl #buckets 4 coarsen threshold 1843 Howl Bitmap #cards 512 size 80 coarsen threshold 460 Card regions per heap region 1 cards per card region 2048

Heap:
 garbage-first heap   total 0K, used 0K [0x00000000fc000000, 0x0000000100000000)
  region size 1024K, 0 young (0K), 0 survivors (0K)
 Metaspace       used 0K, committed 0K, reserved 0K
  class space    used 0K, committed 0K, reserved 0K

Heap Regions: E=young(eden), S=young(survivor), O=old, HS=humongous(starts), HC=humongous(continues), CS=collection set, F=free, TAMS=top-at-mark-start, PB=parsable bottom

Card table byte_map: [0x000001f24df00000,0x000001f24df20000] _byte_map_base: 0x000001f24d720000

Marking Bits: (CMBitMap*) 0x000001f250063ac0
 Bits: [0x000001f2626f0000, 0x000001f2627f0000)

GC Heap History (0 events):
No events

Dll operation events (1 events):
Event: 0.021 Loaded shared library C:\Program Files\Android\Android Studio\jbr\bin\java.dll

Deoptimization events (0 events):
No events

Classes loaded (0 events):
No events

Classes unloaded (0 events):
No events

Classes redefined (0 events):
No events

Internal exceptions (0 events):
No events

ZGC Phase Switch (0 events):
No events

VM Operations (0 events):
No events

Memory protections (0 events):
No events

Nmethod flushes (0 events):
No events

Events (0 events):
No events


Dynamic libraries:
0x00007ff69aaa0000 - 0x00007ff69aaaa000 	C:\Program Files\Android\Android Studio\jbr\bin\java.exe
0x00007ffc63580000 - 0x00007ffc637e7000 	C:\WINDOWS\SYSTEM32\ntdll.dll
0x00007ffc62cb0000 - 0x00007ffc62d79000 	C:\WINDOWS\System32\KERNEL32.DLL
0x00007ffc60a50000 - 0x00007ffc60e41000 	C:\WINDOWS\System32\KERNELBASE.dll
0x00007ffc60760000 - 0x00007ffc608ab000 	C:\WINDOWS\System32\ucrtbase.dll
0x00007ffc0d790000 - 0x00007ffc0d7a8000 	C:\Program Files\Android\Android Studio\jbr\bin\jli.dll
0x00007ffc31f40000 - 0x00007ffc31f5b000 	C:\Program Files\Android\Android Studio\jbr\bin\VCRUNTIME140.dll
0x00007ffc62170000 - 0x00007ffc62335000 	C:\WINDOWS\System32\USER32.dll
0x00007ffc608b0000 - 0x00007ffc608d7000 	C:\WINDOWS\System32\win32u.dll
0x00007ffc43690000 - 0x00007ffc43923000 	C:\WINDOWS\WinSxS\amd64_microsoft.windows.common-controls_6595b64144ccf1df_6.0.26100.8037_none_3e092faae333b53b\COMCTL32.dll
0x00007ffc62090000 - 0x00007ffc620bb000 	C:\WINDOWS\System32\GDI32.dll
0x00007ffc611f0000 - 0x00007ffc6131b000 	C:\WINDOWS\System32\gdi32full.dll
0x00007ffc620c0000 - 0x00007ffc62169000 	C:\WINDOWS\System32\msvcrt.dll
0x00007ffc60f00000 - 0x00007ffc60fa3000 	C:\WINDOWS\System32\msvcp_win.dll
0x00007ffc62440000 - 0x00007ffc62471000 	C:\WINDOWS\System32\IMM32.DLL
0x00007ffc31f30000 - 0x00007ffc31f3c000 	C:\Program Files\Android\Android Studio\jbr\bin\vcruntime140_1.dll
0x00007ffc0d700000 - 0x00007ffc0d78d000 	C:\Program Files\Android\Android Studio\jbr\bin\msvcp140.dll
0x00007ffb97f90000 - 0x00007ffb98c26000 	C:\Program Files\Android\Android Studio\jbr\bin\server\jvm.dll
0x00007ffc62a30000 - 0x00007ffc62aeb000 	C:\WINDOWS\System32\ADVAPI32.dll
0x00007ffc62970000 - 0x00007ffc62a17000 	C:\WINDOWS\System32\sechost.dll
0x00007ffc62850000 - 0x00007ffc62968000 	C:\WINDOWS\System32\RPCRT4.dll
0x00007ffc62340000 - 0x00007ffc623b4000 	C:\WINDOWS\System32\WS2_32.dll
0x00007ffc5fcc0000 - 0x00007ffc5fd1e000 	C:\WINDOWS\SYSTEM32\POWRPROF.dll
0x00007ffc447b0000 - 0x00007ffc447bb000 	C:\WINDOWS\SYSTEM32\VERSION.dll
0x00007ffc5adb0000 - 0x00007ffc5ade5000 	C:\WINDOWS\SYSTEM32\WINMM.dll
0x00007ffc5fca0000 - 0x00007ffc5fcb4000 	C:\WINDOWS\SYSTEM32\UMPDC.dll
0x00007ffc5ebf0000 - 0x00007ffc5ec0b000 	C:\WINDOWS\SYSTEM32\kernel.appcore.dll
0x00007ffc31f20000 - 0x00007ffc31f2a000 	C:\Program Files\Android\Android Studio\jbr\bin\jimage.dll
0x00007ffc5dde0000 - 0x00007ffc5e022000 	C:\WINDOWS\SYSTEM32\DBGHELP.DLL
0x00007ffc61330000 - 0x00007ffc616b2000 	C:\WINDOWS\System32\combase.dll
0x00007ffc61fb0000 - 0x00007ffc62087000 	C:\WINDOWS\System32\OLEAUT32.dll
0x00007ffc31e00000 - 0x00007ffc31e3b000 	C:\WINDOWS\SYSTEM32\dbgcore.DLL
0x00007ffc60e50000 - 0x00007ffc60ef5000 	C:\WINDOWS\System32\bcryptPrimitives.dll
0x00007ffc31f00000 - 0x00007ffc31f20000 	C:\Program Files\Android\Android Studio\jbr\bin\java.dll

JVMTI agents: none

dbghelp: loaded successfully - version: 4.0.5 - missing functions: none
symbol engine: initialized successfully - sym options: 0x614 - pdb path: .;C:\Program Files\Android\Android Studio\jbr\bin;C:\WINDOWS\SYSTEM32;C:\WINDOWS\WinSxS\amd64_microsoft.windows.common-controls_6595b64144ccf1df_6.0.26100.8037_none_3e092faae333b53b;C:\Program Files\Android\Android Studio\jbr\bin\server

VM Arguments:
jvm_args: -Xmx64m -Xms64m -Dorg.gradle.appname=gradlew 
java_command: C:\Users\krish\AndroidStudioProjects\TMApp\\gradle\wrapper\gradle-wrapper.jar assembleDebug --stacktrace --info
java_class_path (initial): C:\Users\krish\AndroidStudioProjects\TMApp\\gradle\wrapper\gradle-wrapper.jar
Launcher Type: SUN_STANDARD

[Global flags]
     intx CICompilerCount                          = 4                                         {product} {ergonomic}
     uint ConcGCThreads                            = 3                                         {product} {ergonomic}
     uint G1ConcRefinementThreads                  = 10                                        {product} {ergonomic}
   size_t G1HeapRegionSize                         = 1048576                                   {product} {ergonomic}
    uintx GCDrainStackTargetSize                   = 64                                        {product} {ergonomic}
   size_t InitialHeapSize                          = 67108864                                  {product} {command line}
   size_t MarkStackSize                            = 4194304                                   {product} {ergonomic}
   size_t MaxHeapSize                              = 67108864                                  {product} {command line}
   size_t MinHeapDeltaBytes                        = 1048576                                   {product} {ergonomic}
   size_t MinHeapSize                              = 67108864                                  {product} {command line}
    uintx NonNMethodCodeHeapSize                   = 5839372                                {pd product} {ergonomic}
    uintx NonProfiledCodeHeapSize                  = 122909434                              {pd product} {ergonomic}
    uintx ProfiledCodeHeapSize                     = 122909434                              {pd product} {ergonomic}
    uintx ReservedCodeCacheSize                    = 251658240                              {pd product} {ergonomic}
     bool SegmentedCodeCache                       = true                                      {product} {ergonomic}
   size_t SoftMaxHeapSize                          = 67108864                               {manageable} {ergonomic}
     bool UseCompressedOops                        = true                           {product lp64_product} {ergonomic}
     bool UseG1GC                                  = true                                      {product} {ergonomic}
     bool UseLargePagesIndividualAllocation        = false                                  {pd product} {ergonomic}

Logging:
Log output configuration:
 #0: stdout all=warning uptime,level,tags foldmultilines=false
 #1: stderr all=off uptime,level,tags foldmultilines=false

Environment Variables:
JAVA_HOME=C:\Program Files\Android\Android Studio\jbr
PATH=C:\app\krish\product\21c\dbhomeXE\bin;C:\Users\krish\OneDrive\Desktop\app\oracle\product\11.2.0\server\bin;C:\WINDOWS\system32;C:\WINDOWS;C:\WINDOWS\System32\Wbem;C:\WINDOWS\System32\WindowsPowerShell\v1.0\;C:\WINDOWS\System32\OpenSSH\;C:\Program Files\dotnet\;C:\Program Files\Java\jdk-24\bin;C:\Program Files\nodejs\;C:\Program Files\Git\cmd;C:\Program Files\Snowflake SnowSQL\;C:\Users\krish\AppData\Local\Microsoft\WindowsApps;C:\Users\krish\AppData\Local\Programs\Microsoft VS Code\bin;C:\Users\krish\AppData\Local\Programs\Antigravity\bin;C:\Users\krish\AppData\Roaming\npm;c:\Users\krish\.antigravity\extensions\ms-python.debugpy-2025.18.0-win32-x64\bundled\scripts\noConfigScripts
USERNAME=krish
LANG=en_US.UTF-8
OS=Windows_NT
PROCESSOR_IDENTIFIER=Intel64 Family 6 Model 154 Stepping 4, GenuineIntel
TMP=C:\Users\krish\AppData\Local\Temp
TEMP=C:\Users\krish\AppData\Local\Temp




Periodic native trim disabled

JNI global refs:
JNI global refs: 0, weak refs: 0

JNI global refs memory usage: 0, weak refs: 0

Process memory usage:
Resident Set Size: 12780K (0% of 16454388K total physical memory with 936908K free physical memory)

OOME stack traces (most recent first):
Classloader memory used:

---------------  S Y S T E M  ---------------

OS:
 Windows 11 , 64 bit Build 26100 (10.0.26100.7920)
OS uptime: 0 days 8:52 hours
Hyper-V role detected

CPU: total 12 (initial active 12) (6 cores per cpu, 2 threads per core) family 6 model 154 stepping 4 microcode 0x43b, cx8, cmov, fxsr, ht, mmx, 3dnowpref, sse, sse2, sse3, ssse3, sse4.1, sse4.2, popcnt, lzcnt, tsc, tscinvbit, avx, avx2, aes, erms, clmul, bmi1, bmi2, adx, sha, fma, vzeroupper, clflush, clflushopt, clwb, hv, serialize, rdtscp, rdpid, fsrm, f16c, cet_ibt, cet_ss
Processor Information for the first 12 processors :
  Max Mhz: 1300, Current Mhz: 1300, Mhz Limit: 1300

Memory: 4k page, system-wide physical 16068M (914M free)
TotalPageFile size 29517M (AvailPageFile size 56M)
current process WorkingSet (physical memory assigned to process): 12M, peak: 12M
current process commit charge ("private bytes"): 63M, peak: 127M

vm_info: OpenJDK 64-Bit Server VM (21.0.8+-14196175-b1038.72) for windows-amd64 JRE (21.0.8+-14196175-b1038.72), built on 2025-10-01T10:24:33Z by "builder" with MS VC++ 16.10 / 16.11 (VS2019)

END.
